<?xml version="1.0" encoding="UTF-8"?>
<testsuite name="com.greenfoxacademy.masterwork.TC03_Privacy" tests="1" skipped="0" failures="0" errors="0" timestamp="2021-08-02T22:22:44" hostname="DESKTOP-HS8VSGI" time="3.257">
  <properties/>
  <testcase name="#TC01_REGISTRATION_01 - Unsuccessful registration" classname="com.greenfoxacademy.masterwork.TC03_Privacy" time="3.257"/>
  <system-out><![CDATA[]]></system-out>
  <system-err><![CDATA[[Test worker] INFO io.github.bonigarcia.wdm.WebDriverManager - Using chromedriver 92.0.4515.107 (resolved driver for Chrome 92)
[Test worker] INFO io.github.bonigarcia.wdm.WebDriverManager - Exporting webdriver.chrome.driver as C:\Users\Dóry\.cache\selenium\chromedriver\win32\92.0.4515.107\chromedriver.exe
Starting ChromeDriver 92.0.4515.107 (87a818b10553a07434ea9e2b6dccf3cbe7895134-refs/branch-heads/4515@{#1634}) on port 24454
Only local connections are allowed.
Please see https://chromedriver.chromium.org/security-considerations for suggestions on keeping ChromeDriver safe.
ChromeDriver was started successfully.
aug. 03, 2021 12:22:44 DE. org.openqa.selenium.remote.ProtocolHandshake createSession
INFO: Detected dialect: W3C
[Test worker] INFO com.greenfoxacademy.masterwork.TC01_Registration_Fail - Opening page...
[Test worker] INFO com.greenfoxacademy.masterwork.TC01_Registration_Fail - Page successfully opened.
[Test worker] INFO com.greenfoxacademy.masterwork.TC01_Registration_Fail - Navigating to register page.
[Test worker] INFO com.greenfoxacademy.masterwork.TC01_Registration_Fail - Using Privacy Statement link.
[Test worker] INFO com.greenfoxacademy.masterwork.TC01_Registration_Fail - Checking if link points toward another site.
[Test worker] INFO com.greenfoxacademy.masterwork.TC01_Registration_Fail - Register page left successfully.
[Test worker] INFO com.greenfoxacademy.masterwork.TC01_Registration_Fail - Navigating back to register page.
[Test worker] INFO com.greenfoxacademy.masterwork.TC01_Registration_Fail - Register page loaded.
[Test worker] INFO com.greenfoxacademy.masterwork.TC01_Registration_Fail - Checking privacy statement checkbox.
[Test worker] INFO com.greenfoxacademy.masterwork.TC01_Registration_Fail - Verifying if checkbox is checked.
[Test worker] INFO com.greenfoxacademy.masterwork.TC01_Registration_Fail - Privacy statements accepted.
]]></system-err>
</testsuite>
