<?xml version="1.0" encoding="UTF-8"?>
<testsuite name="com.greenfoxacademy.masterwork.TC04_Login_Fail" tests="1" skipped="0" failures="0" errors="0" timestamp="2021-08-05T10:52:32" hostname="DESKTOP-HS8VSGI" time="2.168">
  <properties/>
  <testcase name="#TC04_LOGIN_01" classname="com.greenfoxacademy.masterwork.TC04_Login_Fail" time="2.168"/>
  <system-out><![CDATA[]]></system-out>
  <system-err><![CDATA[[Test worker] INFO io.github.bonigarcia.wdm.WebDriverManager - Using chromedriver 92.0.4515.107 (resolved driver for Chrome 92)
[Test worker] INFO io.github.bonigarcia.wdm.WebDriverManager - Exporting webdriver.chrome.driver as C:\Users\Dóry\.cache\selenium\chromedriver\win32\92.0.4515.107\chromedriver.exe
Starting ChromeDriver 92.0.4515.107 (87a818b10553a07434ea9e2b6dccf3cbe7895134-refs/branch-heads/4515@{#1634}) on port 26696
Only local connections are allowed.
Please see https://chromedriver.chromium.org/security-considerations for suggestions on keeping ChromeDriver safe.
ChromeDriver was started successfully.
aug. 05, 2021 12:52:32 DU. org.openqa.selenium.remote.ProtocolHandshake createSession
INFO: Detected dialect: W3C
[Test worker] INFO com.greenfoxacademy.masterwork.TC04_Login_Fail - Opening page...
[Test worker] INFO com.greenfoxacademy.masterwork.TC04_Login_Fail - Page successfully opened.
[Test worker] INFO com.greenfoxacademy.masterwork.TC04_Login_Fail - Navigating to login page.
[Test worker] INFO com.greenfoxacademy.masterwork.TC04_Login_Fail - Attempting login with given data.
[Test worker] INFO com.greenfoxacademy.masterwork.TC04_Login_Fail - Login attempt unsuccessful, waiting for error message to be displayed.
[Test worker] INFO com.greenfoxacademy.masterwork.TC04_Login_Fail - Empty password error message displayed.
[Test worker] INFO com.greenfoxacademy.masterwork.TC04_Login_Fail - Content of error message verified.
]]></system-err>
</testsuite>
