<?xml version="1.0" encoding="UTF-8"?>
<testsuite name="com.greenfoxacademy.masterwork.TC01_Registration_Fail" tests="1" skipped="0" failures="0" errors="0" timestamp="2021-08-05T14:16:22" hostname="DESKTOP-HS8VSGI" time="3.322">
  <properties/>
  <testcase name="#TC01_REGISTRATION_01" classname="com.greenfoxacademy.masterwork.TC01_Registration_Fail" time="3.322"/>
  <system-out><![CDATA[]]></system-out>
  <system-err><![CDATA[[Test worker] INFO io.github.bonigarcia.wdm.WebDriverManager - Using geckodriver 0.29.0 (resolved driver for Firefox 90)
[Test worker] INFO io.github.bonigarcia.wdm.WebDriverManager - Exporting webdriver.gecko.driver as C:\Users\Dóry\.cache\selenium\geckodriver\win64\0.29.0\geckodriver.exe
1628172977435	geckodriver	INFO	Listening on 127.0.0.1:8963
1628172978164	mozrunner::runner	INFO	Running command: "C:\\Program Files\\Mozilla Firefox\\firefox.exe" "--marionette" "-foreground" "-no-remote" "-profile" "C:\\Users\\DRY~1\\AppData\\Local\\Temp\\rust_mozprofilettGWC9"
1628172979199	Marionette	INFO	Marionette enabled
console.warn: SearchSettings: "get: No settings file exists, new profile?" (new NotFoundError("Could not open the file at C:\\Users\\D\xF3ry\\AppData\\Local\\Temp\\rust_mozprofilettGWC9\\search.json.mozlz4", (void 0)))
1628172981827	Marionette	INFO	Listening on port 63514
1628172981858	Marionette	WARN	TLS certificate errors will be ignored for this session
aug. 05, 2021 4:16:21 DU. org.openqa.selenium.remote.ProtocolHandshake createSession
INFO: Detected dialect: W3C
[Test worker] INFO com.greenfoxacademy.masterwork.TC01_Registration_Fail - Opening page...
[Test worker] INFO com.greenfoxacademy.masterwork.TC01_Registration_Fail - Page successfully opened.
[Test worker] INFO com.greenfoxacademy.masterwork.TC01_Registration_Fail - Navigating to register page.
[Test worker] INFO com.greenfoxacademy.masterwork.TC01_Registration_Fail - Attempting registration with given data.
[Test worker] INFO com.greenfoxacademy.masterwork.TC01_Registration_Fail - Attempt unsuccessful, waiting for error message to be displayed.
[Test worker] INFO com.greenfoxacademy.masterwork.TC01_Registration_Fail - Invalid password error message displayed.
[Test worker] INFO com.greenfoxacademy.masterwork.TC01_Registration_Fail - Content of error message verified.
[Test worker] INFO com.greenfoxacademy.masterwork.TC01_Registration_Fail - Registration unsuccessful.
1628172985660	Marionette	INFO	Stopped listening on port 63514
]]></system-err>
</testsuite>
