<?xml version="1.0" encoding="UTF-8"?>
<testsuite name="com.greenfoxacademy.masterwork.TC04_Login_Fail" tests="1" skipped="0" failures="0" errors="0" timestamp="2021-08-05T14:16:45" hostname="DESKTOP-HS8VSGI" time="2.892">
  <properties/>
  <testcase name="#TC04_LOGIN_01" classname="com.greenfoxacademy.masterwork.TC04_Login_Fail" time="2.892"/>
  <system-out><![CDATA[]]></system-out>
  <system-err><![CDATA[[Test worker] INFO io.github.bonigarcia.wdm.WebDriverManager - Using geckodriver 0.29.0 (resolved driver for Firefox 90)
[Test worker] INFO io.github.bonigarcia.wdm.WebDriverManager - Exporting webdriver.gecko.driver as C:\Users\Dóry\.cache\selenium\geckodriver\win64\0.29.0\geckodriver.exe
1628173002500	geckodriver	INFO	Listening on 127.0.0.1:17469
1628173002990	mozrunner::runner	INFO	Running command: "C:\\Program Files\\Mozilla Firefox\\firefox.exe" "--marionette" "-foreground" "-no-remote" "-profile" "C:\\Users\\DRY~1\\AppData\\Local\\Temp\\rust_mozprofileFTOFHx"
1628173003296	Marionette	INFO	Marionette enabled
console.warn: SearchSettings: "get: No settings file exists, new profile?" (new NotFoundError("Could not open the file at C:\\Users\\D\xF3ry\\AppData\\Local\\Temp\\rust_mozprofileFTOFHx\\search.json.mozlz4", (void 0)))
1628173005317	Marionette	INFO	Listening on port 63710
1628173005650	Marionette	WARN	TLS certificate errors will be ignored for this session
aug. 05, 2021 4:16:45 DU. org.openqa.selenium.remote.ProtocolHandshake createSession
INFO: Detected dialect: W3C
[Test worker] INFO com.greenfoxacademy.masterwork.TC04_Login_Fail - Opening page...
[Test worker] INFO com.greenfoxacademy.masterwork.TC04_Login_Fail - Page successfully opened.
[Test worker] INFO com.greenfoxacademy.masterwork.TC04_Login_Fail - Navigating to login page.
[Test worker] INFO com.greenfoxacademy.masterwork.TC04_Login_Fail - Attempting login with given data.
[Test worker] INFO com.greenfoxacademy.masterwork.TC04_Login_Fail - Login attempt unsuccessful, waiting for error message to be displayed.
[Test worker] INFO com.greenfoxacademy.masterwork.TC04_Login_Fail - Empty password error message displayed.
[Test worker] INFO com.greenfoxacademy.masterwork.TC04_Login_Fail - Content of error message verified.
1628173008819	Marionette	INFO	Stopped listening on port 63710

###!!! [Child][RunMessage] Error: Channel closing: too late to send/recv, messages will be lost

]]></system-err>
</testsuite>
