<?xml version="1.0" encoding="UTF-8"?>
<testsuite name="com.greenfoxacademy.masterwork.TC06_Data_Listing" tests="1" skipped="0" failures="0" errors="0" timestamp="2021-08-06T12:23:18" hostname="DESKTOP-HS8VSGI" time="2.297">
  <properties/>
  <testcase name="#TC06_DATA_LISTING" classname="com.greenfoxacademy.masterwork.TC06_Data_Listing" time="2.297"/>
  <system-out><![CDATA[]]></system-out>
  <system-err><![CDATA[[Test worker] INFO io.github.bonigarcia.wdm.WebDriverManager - Using chromedriver 92.0.4515.107 (resolved driver for Chrome 92)
[Test worker] INFO io.github.bonigarcia.wdm.WebDriverManager - Exporting webdriver.chrome.driver as C:\Users\Dóry\.cache\selenium\chromedriver\win32\92.0.4515.107\chromedriver.exe
Starting ChromeDriver 92.0.4515.107 (87a818b10553a07434ea9e2b6dccf3cbe7895134-refs/branch-heads/4515@{#1634}) on port 29086
Only local connections are allowed.
Please see https://chromedriver.chromium.org/security-considerations for suggestions on keeping ChromeDriver safe.
ChromeDriver was started successfully.
aug. 06, 2021 2:23:18 DU. org.openqa.selenium.remote.ProtocolHandshake createSession
INFO: Detected dialect: W3C
[Test worker] INFO com.greenfoxacademy.masterwork.TC06_Data_Listing - Opening page...
[Test worker] INFO com.greenfoxacademy.masterwork.TC06_Data_Listing - Page successfully opened.
[Test worker] INFO com.greenfoxacademy.masterwork.TC06_Data_Listing - Navigating to older posts.
[Test worker] INFO com.greenfoxacademy.masterwork.TC06_Data_Listing - Opening Hello world! blog post.
[Test worker] INFO com.greenfoxacademy.masterwork.TC06_Data_Listing - Filtering posts from July 2, 2021
[Test worker] INFO com.greenfoxacademy.masterwork.TC06_Data_Listing - Checking dates on filtered posts.
[Test worker] INFO com.greenfoxacademy.masterwork.TC06_Data_Listing - Checking if filtered post amount is correct.
[Test worker] INFO com.greenfoxacademy.masterwork.TC06_Data_Listing - Filtering was successful
]]></system-err>
</testsuite>
