<?xml version="1.0" encoding="UTF-8"?>
<testsuite name="com.greenfoxacademy.masterwork.TC09_10_11_Parametrised_Data_Input" tests="3" skipped="0" failures="0" errors="0" timestamp="2021-08-06T12:23:36" hostname="DESKTOP-HS8VSGI" time="38.011">
  <properties/>
  <testcase name="#TC09" classname="com.greenfoxacademy.masterwork.TC09_10_11_Parametrised_Data_Input" time="2.054"/>
  <testcase name="#TC10" classname="com.greenfoxacademy.masterwork.TC09_10_11_Parametrised_Data_Input" time="18.161"/>
  <testcase name="#TC11" classname="com.greenfoxacademy.masterwork.TC09_10_11_Parametrised_Data_Input" time="17.793"/>
  <system-out><![CDATA[]]></system-out>
  <system-err><![CDATA[[Test worker] INFO io.github.bonigarcia.wdm.WebDriverManager - Using chromedriver 92.0.4515.107 (resolved driver for Chrome 92)
[Test worker] INFO io.github.bonigarcia.wdm.WebDriverManager - Exporting webdriver.chrome.driver as C:\Users\Dóry\.cache\selenium\chromedriver\win32\92.0.4515.107\chromedriver.exe
Starting ChromeDriver 92.0.4515.107 (87a818b10553a07434ea9e2b6dccf3cbe7895134-refs/branch-heads/4515@{#1634}) on port 3933
Only local connections are allowed.
Please see https://chromedriver.chromium.org/security-considerations for suggestions on keeping ChromeDriver safe.
ChromeDriver was started successfully.
aug. 06, 2021 2:23:33 DU. org.openqa.selenium.remote.ProtocolHandshake createSession
INFO: Detected dialect: W3C
[Test worker] INFO com.greenfoxacademy.masterwork.TC09_10_11_Parametrised_Data_Input - Opening page...
[Test worker] INFO com.greenfoxacademy.masterwork.TC09_10_11_Parametrised_Data_Input - Page successfully opened.
[Test worker] INFO com.greenfoxacademy.masterwork.TC09_10_11_Parametrised_Data_Input - Navigating to login page.
[Test worker] INFO com.greenfoxacademy.masterwork.TC09_10_11_Parametrised_Data_Input - Logging in with given data.
[Test worker] INFO com.greenfoxacademy.masterwork.TC09_10_11_Parametrised_Data_Input - Navigating to blogpost.
[Test worker] INFO com.greenfoxacademy.masterwork.TC09_10_11_Parametrised_Data_Input - Filling comment field.
[Test worker] INFO com.greenfoxacademy.masterwork.TC09_10_11_Parametrised_Data_Input - Submitting comment.
[Test worker] INFO com.greenfoxacademy.masterwork.TC09_10_11_Parametrised_Data_Input - Verifying if comment is displayed.
[Test worker] INFO com.greenfoxacademy.masterwork.TC09_10_11_Parametrised_Data_Input - Verifying if comment is awaiting moderation.
[Test worker] INFO com.greenfoxacademy.masterwork.TC09_10_11_Parametrised_Data_Input - Verifying if comments content is expected.
[Test worker] INFO com.greenfoxacademy.masterwork.TC09_10_11_Parametrised_Data_Input - Commenting was successful.
[Test worker] INFO com.greenfoxacademy.masterwork.TC09_10_11_Parametrised_Data_Input - Navigating to home page.
[Test worker] INFO com.greenfoxacademy.masterwork.TC09_10_11_Parametrised_Data_Input - Navigating to blogpost.
[Test worker] INFO com.greenfoxacademy.masterwork.TC09_10_11_Parametrised_Data_Input - Filling comment field.
[Test worker] INFO com.greenfoxacademy.masterwork.TC09_10_11_Parametrised_Data_Input - Submitting comment.
[Test worker] INFO com.greenfoxacademy.masterwork.TC09_10_11_Parametrised_Data_Input - Verifying if comment is displayed.
[Test worker] INFO com.greenfoxacademy.masterwork.TC09_10_11_Parametrised_Data_Input - Verifying if comment is awaiting moderation.
[Test worker] INFO com.greenfoxacademy.masterwork.TC09_10_11_Parametrised_Data_Input - Verifying if comments content is expected.
[Test worker] INFO com.greenfoxacademy.masterwork.TC09_10_11_Parametrised_Data_Input - Commenting was successful.
[Test worker] INFO com.greenfoxacademy.masterwork.TC09_10_11_Parametrised_Data_Input - Navigating to home page.
[Test worker] INFO com.greenfoxacademy.masterwork.TC09_10_11_Parametrised_Data_Input - Navigating to blogpost.
[Test worker] INFO com.greenfoxacademy.masterwork.TC09_10_11_Parametrised_Data_Input - Filling comment field.
[Test worker] INFO com.greenfoxacademy.masterwork.TC09_10_11_Parametrised_Data_Input - Submitting comment.
[Test worker] INFO com.greenfoxacademy.masterwork.TC09_10_11_Parametrised_Data_Input - Verifying if comment is displayed.
[Test worker] INFO com.greenfoxacademy.masterwork.TC09_10_11_Parametrised_Data_Input - Verifying if comment is awaiting moderation.
[Test worker] INFO com.greenfoxacademy.masterwork.TC09_10_11_Parametrised_Data_Input - Verifying if comments content is expected.
[Test worker] INFO com.greenfoxacademy.masterwork.TC09_10_11_Parametrised_Data_Input - Commenting was successful.
]]></system-err>
</testsuite>
