<?xml version="1.0" encoding="UTF-8"?>
<testsuite name="com.greenfoxacademy.masterwork.TC08_Data_Input" tests="1" skipped="0" failures="0" errors="0" timestamp="2021-08-05T14:17:13" hostname="DESKTOP-HS8VSGI" time="6.265">
  <properties/>
  <testcase name="#TC08_DATA_INPUT_01" classname="com.greenfoxacademy.masterwork.TC08_Data_Input" time="6.265"/>
  <system-out><![CDATA[]]></system-out>
  <system-err><![CDATA[[Test worker] INFO io.github.bonigarcia.wdm.WebDriverManager - Using geckodriver 0.29.0 (resolved driver for Firefox 90)
[Test worker] INFO io.github.bonigarcia.wdm.WebDriverManager - Exporting webdriver.gecko.driver as C:\Users\Dóry\.cache\selenium\geckodriver\win64\0.29.0\geckodriver.exe
1628173030028	geckodriver	INFO	Listening on 127.0.0.1:11721
1628173030532	mozrunner::runner	INFO	Running command: "C:\\Program Files\\Mozilla Firefox\\firefox.exe" "--marionette" "-foreground" "-no-remote" "-profile" "C:\\Users\\DRY~1\\AppData\\Local\\Temp\\rust_mozprofilepX81iZ"
1628173030830	Marionette	INFO	Marionette enabled
console.warn: SearchSettings: "get: No settings file exists, new profile?" (new NotFoundError("Could not open the file at C:\\Users\\D\xF3ry\\AppData\\Local\\Temp\\rust_mozprofilepX81iZ\\search.json.mozlz4", (void 0)))
1628173033011	Marionette	INFO	Listening on port 63948
1628173033192	Marionette	WARN	TLS certificate errors will be ignored for this session
aug. 05, 2021 4:17:13 DU. org.openqa.selenium.remote.ProtocolHandshake createSession
INFO: Detected dialect: W3C
[Test worker] INFO com.greenfoxacademy.masterwork.TC08_Data_Input - Opening page...
[Test worker] INFO com.greenfoxacademy.masterwork.TC08_Data_Input - Page successfully opened.
[Test worker] INFO com.greenfoxacademy.masterwork.TC08_Data_Input - Navigating to login page.
[Test worker] INFO com.greenfoxacademy.masterwork.TC08_Data_Input - Logging in with given data.
[Test worker] INFO com.greenfoxacademy.masterwork.TC08_Data_Input - Navigating to account page.
[Test worker] INFO com.greenfoxacademy.masterwork.TC08_Data_Input - Verifying if correct pade loaded.
[Test worker] INFO com.greenfoxacademy.masterwork.TC08_Data_Input - Navigating to user page
[Test worker] INFO com.greenfoxacademy.masterwork.TC08_Data_Input - Verifying if correct pade loaded.
[Test worker] INFO com.greenfoxacademy.masterwork.TC08_Data_Input - Opening profile edit option.
[Test worker] INFO com.greenfoxacademy.masterwork.TC08_Data_Input - Adding profile description.
[Test worker] INFO com.greenfoxacademy.masterwork.TC08_Data_Input - Checking if user description is displayed.
[Test worker] INFO com.greenfoxacademy.masterwork.TC08_Data_Input - Checking if user description matches input data.
[Test worker] INFO com.greenfoxacademy.masterwork.TC08_Data_Input - Adding profile description was successful.
1628173039735	Marionette	INFO	Stopped listening on port 63948

###!!! [Child][RunMessage] Error: Channel closing: too late to send/recv, messages will be lost

]]></system-err>
</testsuite>
