<?xml version="1.0" encoding="UTF-8"?>
<testsuite name="com.greenfoxacademy.masterwork.TC07_Pagination" tests="1" skipped="0" failures="0" errors="0" timestamp="2021-08-05T10:52:46" hostname="DESKTOP-HS8VSGI" time="1.618">
  <properties/>
  <testcase name="#TC07_PAGINATION" classname="com.greenfoxacademy.masterwork.TC07_Pagination" time="1.618"/>
  <system-out><![CDATA[]]></system-out>
  <system-err><![CDATA[[Test worker] INFO io.github.bonigarcia.wdm.WebDriverManager - Using chromedriver 92.0.4515.107 (resolved driver for Chrome 92)
[Test worker] INFO io.github.bonigarcia.wdm.WebDriverManager - Exporting webdriver.chrome.driver as C:\Users\Dóry\.cache\selenium\chromedriver\win32\92.0.4515.107\chromedriver.exe
Starting ChromeDriver 92.0.4515.107 (87a818b10553a07434ea9e2b6dccf3cbe7895134-refs/branch-heads/4515@{#1634}) on port 12987
Only local connections are allowed.
Please see https://chromedriver.chromium.org/security-considerations for suggestions on keeping ChromeDriver safe.
ChromeDriver was started successfully.
aug. 05, 2021 12:52:46 DU. org.openqa.selenium.remote.ProtocolHandshake createSession
INFO: Detected dialect: W3C
[Test worker] INFO com.greenfoxacademy.masterwork.TC07_Pagination - Opening page...
[Test worker] INFO com.greenfoxacademy.masterwork.TC07_Pagination - Page successfully opened.
[Test worker] INFO com.greenfoxacademy.masterwork.TC07_Pagination - Getting issue date of last post on current page.
[Test worker] INFO com.greenfoxacademy.masterwork.TC07_Pagination - Navigating to older posts.
[Test worker] INFO com.greenfoxacademy.masterwork.TC07_Pagination - Checking if correct page opened.
[Test worker] INFO com.greenfoxacademy.masterwork.TC07_Pagination - Getting issue date of first post on current page.
[Test worker] INFO com.greenfoxacademy.masterwork.TC07_Pagination - Checking if the current page's first post is older or has an identical date as last page's last post.
[Test worker] INFO com.greenfoxacademy.masterwork.TC07_Pagination - Posts are in the correct order after pagination.
]]></system-err>
</testsuite>
