<?xml version="1.0" encoding="UTF-8"?>
<testsuite name="com.greenfoxacademy.masterwork.TC05_Login_Success" tests="1" skipped="0" failures="0" errors="0" timestamp="2021-08-05T14:16:52" hostname="DESKTOP-HS8VSGI" time="3.761">
  <properties/>
  <testcase name="#TC05_LOGIN_02" classname="com.greenfoxacademy.masterwork.TC05_Login_Success" time="3.761"/>
  <system-out><![CDATA[]]></system-out>
  <system-err><![CDATA[[Test worker] INFO io.github.bonigarcia.wdm.WebDriverManager - Using geckodriver 0.29.0 (resolved driver for Firefox 90)
[Test worker] INFO io.github.bonigarcia.wdm.WebDriverManager - Exporting webdriver.gecko.driver as C:\Users\Dóry\.cache\selenium\geckodriver\win64\0.29.0\geckodriver.exe
1628173009542	geckodriver	INFO	Listening on 127.0.0.1:14190
1628173010033	mozrunner::runner	INFO	Running command: "C:\\Program Files\\Mozilla Firefox\\firefox.exe" "--marionette" "-foreground" "-no-remote" "-profile" "C:\\Users\\DRY~1\\AppData\\Local\\Temp\\rust_mozprofileYq8QY6"
1628173010368	Marionette	INFO	Marionette enabled
console.warn: SearchSettings: "get: No settings file exists, new profile?" (new NotFoundError("Could not open the file at C:\\Users\\D\xF3ry\\AppData\\Local\\Temp\\rust_mozprofileYq8QY6\\search.json.mozlz4", (void 0)))
1628173012390	Marionette	INFO	Listening on port 63771
1628173012706	Marionette	WARN	TLS certificate errors will be ignored for this session
aug. 05, 2021 4:16:52 DU. org.openqa.selenium.remote.ProtocolHandshake createSession
INFO: Detected dialect: W3C
[Test worker] INFO com.greenfoxacademy.masterwork.TC05_Login_Success - Opening page...
[Test worker] INFO com.greenfoxacademy.masterwork.TC05_Login_Success - Page successfully opened.
[Test worker] INFO com.greenfoxacademy.masterwork.TC05_Login_Success - Navigating to login page.
[Test worker] INFO com.greenfoxacademy.masterwork.TC05_Login_Success - Attempting login with given data.
[Test worker] INFO com.greenfoxacademy.masterwork.TC05_Login_Success - Login attempt successful.
1628173016739	Marionette	INFO	Stopped listening on port 63771
JavaScript error: resource:///modules/FaviconLoader.jsm, line 596: InvalidStateError: JSWindowActorChild.sendAsyncMessage: JSWindowActorChild cannot send at the moment
JavaScript error: resource:///modules/FaviconLoader.jsm, line 596: InvalidStateError: JSWindowActorChild.sendAsyncMessage: JSWindowActorChild cannot send at the moment

###!!! [Child][RunMessage] Error: Channel closing: too late to send/recv, messages will be lost

]]></system-err>
</testsuite>
