<?xml version="1.0" encoding="UTF-8"?>
<testsuite name="com.greenfoxacademy.masterwork.TC02_Registration_Success" tests="1" skipped="0" failures="0" errors="0" timestamp="2021-08-05T10:52:20" hostname="DESKTOP-HS8VSGI" time="4.872">
  <properties/>
  <testcase name="#TC02_REGISTRATION_02" classname="com.greenfoxacademy.masterwork.TC02_Registration_Success" time="4.872"/>
  <system-out><![CDATA[]]></system-out>
  <system-err><![CDATA[[Test worker] INFO io.github.bonigarcia.wdm.WebDriverManager - Using chromedriver 92.0.4515.107 (resolved driver for Chrome 92)
[Test worker] INFO io.github.bonigarcia.wdm.WebDriverManager - Exporting webdriver.chrome.driver as C:\Users\Dóry\.cache\selenium\chromedriver\win32\92.0.4515.107\chromedriver.exe
Starting ChromeDriver 92.0.4515.107 (87a818b10553a07434ea9e2b6dccf3cbe7895134-refs/branch-heads/4515@{#1634}) on port 5212
Only local connections are allowed.
Please see https://chromedriver.chromium.org/security-considerations for suggestions on keeping ChromeDriver safe.
ChromeDriver was started successfully.
aug. 05, 2021 12:52:20 DU. org.openqa.selenium.remote.ProtocolHandshake createSession
INFO: Detected dialect: W3C
[Test worker] INFO com.greenfoxacademy.masterwork.TC02_Registration_Success - Opening page...
[Test worker] INFO com.greenfoxacademy.masterwork.TC02_Registration_Success - Page successfully opened.
[Test worker] INFO com.greenfoxacademy.masterwork.TC02_Registration_Success - Navigating to register page.
[Test worker] INFO com.greenfoxacademy.masterwork.TC02_Registration_Success - Attempting registration with given data.
[Test worker] INFO com.greenfoxacademy.masterwork.TC02_Registration_Success - Checking if user got redirected to user page.
[Test worker] INFO com.greenfoxacademy.masterwork.TC02_Registration_Success - Checking if users name is displayed correctly.
[Test worker] INFO com.greenfoxacademy.masterwork.TC02_Registration_Success - Registration attempt successful.
]]></system-err>
</testsuite>
