<?xml version="1.0" encoding="UTF-8"?>
<testsuite name="com.greenfoxacademy.masterwork.TC15_Logout" tests="1" skipped="0" failures="0" errors="0" timestamp="2021-08-05T14:18:47" hostname="DESKTOP-HS8VSGI" time="3.912">
  <properties/>
  <testcase name="#TC15_LOGOUT" classname="com.greenfoxacademy.masterwork.TC15_Logout" time="3.912"/>
  <system-out><![CDATA[]]></system-out>
  <system-err><![CDATA[[Test worker] INFO io.github.bonigarcia.wdm.WebDriverManager - Using geckodriver 0.29.0 (resolved driver for Firefox 90)
[Test worker] INFO io.github.bonigarcia.wdm.WebDriverManager - Exporting webdriver.gecko.driver as C:\Users\Dóry\.cache\selenium\geckodriver\win64\0.29.0\geckodriver.exe
1628173123807	geckodriver	INFO	Listening on 127.0.0.1:49010
1628173124297	mozrunner::runner	INFO	Running command: "C:\\Program Files\\Mozilla Firefox\\firefox.exe" "--marionette" "-foreground" "-no-remote" "-profile" "C:\\Users\\DRY~1\\AppData\\Local\\Temp\\rust_mozprofileaoLup0"
1628173124599	Marionette	INFO	Marionette enabled
console.warn: SearchSettings: "get: No settings file exists, new profile?" (new NotFoundError("Could not open the file at C:\\Users\\D\xF3ry\\AppData\\Local\\Temp\\rust_mozprofileaoLup0\\search.json.mozlz4", (void 0)))
1628173126711	Marionette	INFO	Listening on port 64266
1628173126954	Marionette	WARN	TLS certificate errors will be ignored for this session
aug. 05, 2021 4:18:46 DU. org.openqa.selenium.remote.ProtocolHandshake createSession
INFO: Detected dialect: W3C
[Test worker] INFO com.greenfoxacademy.masterwork.TC15_Logout - Opening page...
[Test worker] INFO com.greenfoxacademy.masterwork.TC15_Logout - Page successfully opened.
[Test worker] INFO com.greenfoxacademy.masterwork.TC15_Logout - Navigating to login page.
[Test worker] INFO com.greenfoxacademy.masterwork.TC15_Logout - Logging in with given data.
[Test worker] INFO com.greenfoxacademy.masterwork.TC15_Logout - Navigating to logout page.
[Test worker] INFO com.greenfoxacademy.masterwork.TC15_Logout - Checking if log out link is displayed with correct text.
[Test worker] INFO com.greenfoxacademy.masterwork.TC15_Logout - Attempting logout
[Test worker] INFO com.greenfoxacademy.masterwork.TC15_Logout - Logout attempt successful.
1628173131147	Marionette	INFO	Stopped listening on port 64266

###!!! [Child][MessageChannel] Error: (msgtype=0x590008,name=PHttpChannel::Msg_DeletingChannel) Channel closing: too late to send/recv, messages will be lost


###!!! [Child][RunMessage] Error: Channel closing: too late to send/recv, messages will be lost


###!!! [Child][RunMessage] Error: Channel closing: too late to send/recv, messages will be lost

]]></system-err>
</testsuite>
