<?xml version="1.0" encoding="UTF-8"?>
<testsuite name="com.greenfoxacademy.masterwork.TC03_Privacy" tests="1" skipped="0" failures="0" errors="0" timestamp="2021-08-05T10:52:27" hostname="DESKTOP-HS8VSGI" time="2.669">
  <properties/>
  <testcase name="#TC03_PRIVACY" classname="com.greenfoxacademy.masterwork.TC03_Privacy" time="2.669"/>
  <system-out><![CDATA[]]></system-out>
  <system-err><![CDATA[[Test worker] INFO io.github.bonigarcia.wdm.WebDriverManager - Using chromedriver 92.0.4515.107 (resolved driver for Chrome 92)
[Test worker] INFO io.github.bonigarcia.wdm.WebDriverManager - Exporting webdriver.chrome.driver as C:\Users\Dóry\.cache\selenium\chromedriver\win32\92.0.4515.107\chromedriver.exe
Starting ChromeDriver 92.0.4515.107 (87a818b10553a07434ea9e2b6dccf3cbe7895134-refs/branch-heads/4515@{#1634}) on port 1988
Only local connections are allowed.
Please see https://chromedriver.chromium.org/security-considerations for suggestions on keeping ChromeDriver safe.
ChromeDriver was started successfully.
aug. 05, 2021 12:52:27 DU. org.openqa.selenium.remote.ProtocolHandshake createSession
INFO: Detected dialect: W3C
[Test worker] INFO com.greenfoxacademy.masterwork.TC03_Privacy - Opening page...
[Test worker] INFO com.greenfoxacademy.masterwork.TC03_Privacy - Page successfully opened.
[Test worker] INFO com.greenfoxacademy.masterwork.TC03_Privacy - Navigating to register page.
[Test worker] INFO com.greenfoxacademy.masterwork.TC03_Privacy - Opening Privacy Statement link.
[Test worker] INFO com.greenfoxacademy.masterwork.TC03_Privacy - Checking if link points toward another site.
[Test worker] INFO com.greenfoxacademy.masterwork.TC03_Privacy - Register page left successfully.
[Test worker] INFO com.greenfoxacademy.masterwork.TC03_Privacy - Navigating back to register page.
[Test worker] INFO com.greenfoxacademy.masterwork.TC03_Privacy - Register page loaded.
[Test worker] INFO com.greenfoxacademy.masterwork.TC03_Privacy - Checking privacy statement checkbox.
[Test worker] INFO com.greenfoxacademy.masterwork.TC03_Privacy - Verifying if checkbox is checked.
[Test worker] INFO com.greenfoxacademy.masterwork.TC03_Privacy - Privacy statements accepted.
]]></system-err>
</testsuite>
