<?xml version="1.0" encoding="UTF-8"?>
<testsuite name="com.greenfoxacademy.masterwork.TC13_Deleting_data" tests="1" skipped="0" failures="0" errors="0" timestamp="2021-08-04T00:03:10" hostname="DESKTOP-HS8VSGI" time="6.285">
  <properties/>
  <testcase name="#TC13_DELETING_DATA - Delete existing profile description" classname="com.greenfoxacademy.masterwork.TC13_Deleting_data" time="6.285"/>
  <system-out><![CDATA[]]></system-out>
  <system-err><![CDATA[[Test worker] INFO io.github.bonigarcia.wdm.WebDriverManager - Using chromedriver 92.0.4515.107 (resolved driver for Chrome 92)
[Test worker] INFO io.github.bonigarcia.wdm.WebDriverManager - Exporting webdriver.chrome.driver as C:\Users\Dóry\.cache\selenium\chromedriver\win32\92.0.4515.107\chromedriver.exe
Starting ChromeDriver 92.0.4515.107 (87a818b10553a07434ea9e2b6dccf3cbe7895134-refs/branch-heads/4515@{#1634}) on port 41546
Only local connections are allowed.
Please see https://chromedriver.chromium.org/security-considerations for suggestions on keeping ChromeDriver safe.
ChromeDriver was started successfully.
aug. 04, 2021 2:03:09 DE. org.openqa.selenium.remote.ProtocolHandshake createSession
INFO: Detected dialect: W3C
[Test worker] INFO com.greenfoxacademy.masterwork.TC13_Deleting_data - Opening page...
[Test worker] INFO com.greenfoxacademy.masterwork.TC13_Deleting_data - Page successfully opened.
[Test worker] INFO com.greenfoxacademy.masterwork.TC13_Deleting_data - Navigating to login page.
[Test worker] INFO com.greenfoxacademy.masterwork.TC13_Deleting_data - Logging in with given data.
[Test worker] INFO com.greenfoxacademy.masterwork.TC13_Deleting_data - Navigating to account page.
[Test worker] INFO com.greenfoxacademy.masterwork.TC13_Deleting_data - Navigating to user page
[Test worker] INFO com.greenfoxacademy.masterwork.TC13_Deleting_data - Verifying if correct pade loaded.
[Test worker] INFO com.greenfoxacademy.masterwork.TC13_Deleting_data - Opening profile edit option.
[Test worker] INFO com.greenfoxacademy.masterwork.TC13_Deleting_data - Deleting profile description.
[Test worker] INFO com.greenfoxacademy.masterwork.TC13_Deleting_data - Checking if any user description displayed.
[Test worker] INFO com.greenfoxacademy.masterwork.TC13_Deleting_data - Checking if user description matches input data.
[Test worker] INFO com.greenfoxacademy.masterwork.TC13_Deleting_data - Profile description was successfully modified.
]]></system-err>
</testsuite>
