<?xml version="1.0" encoding="UTF-8"?>
<testsuite name="com.greenfoxacademy.masterwork.TC15_Logout" tests="1" skipped="0" failures="0" errors="0" timestamp="2021-08-05T10:54:06" hostname="DESKTOP-HS8VSGI" time="3.546">
  <properties/>
  <testcase name="#TC15_LOGOUT" classname="com.greenfoxacademy.masterwork.TC15_Logout" time="3.546"/>
  <system-out><![CDATA[]]></system-out>
  <system-err><![CDATA[[Test worker] INFO io.github.bonigarcia.wdm.WebDriverManager - Using chromedriver 92.0.4515.107 (resolved driver for Chrome 92)
[Test worker] INFO io.github.bonigarcia.wdm.WebDriverManager - Exporting webdriver.chrome.driver as C:\Users\Dóry\.cache\selenium\chromedriver\win32\92.0.4515.107\chromedriver.exe
Starting ChromeDriver 92.0.4515.107 (87a818b10553a07434ea9e2b6dccf3cbe7895134-refs/branch-heads/4515@{#1634}) on port 7883
Only local connections are allowed.
Please see https://chromedriver.chromium.org/security-considerations for suggestions on keeping ChromeDriver safe.
ChromeDriver was started successfully.
aug. 05, 2021 12:54:06 DU. org.openqa.selenium.remote.ProtocolHandshake createSession
INFO: Detected dialect: W3C
[Test worker] INFO com.greenfoxacademy.masterwork.TC15_Logout - Opening page...
[Test worker] INFO com.greenfoxacademy.masterwork.TC15_Logout - Page successfully opened.
[Test worker] INFO com.greenfoxacademy.masterwork.TC15_Logout - Navigating to login page.
[Test worker] INFO com.greenfoxacademy.masterwork.TC15_Logout - Logging in with given data.
[Test worker] INFO com.greenfoxacademy.masterwork.TC15_Logout - Navigating to logout page.
[Test worker] INFO com.greenfoxacademy.masterwork.TC15_Logout - Checking if log out link is displayed with correct text.
[Test worker] INFO com.greenfoxacademy.masterwork.TC15_Logout - Attempting logout
[Test worker] INFO com.greenfoxacademy.masterwork.TC15_Logout - Logout attempt successful.
]]></system-err>
</testsuite>
