<?xml version="1.0" encoding="UTF-8"?>
<testsuite name="com.greenfoxacademy.masterwork.TC12_Data_Modification" tests="1" skipped="0" failures="0" errors="0" timestamp="2021-08-06T12:24:16" hostname="DESKTOP-HS8VSGI" time="5.101">
  <properties/>
  <testcase name="#TC12_DATA_MODIFICATION" classname="com.greenfoxacademy.masterwork.TC12_Data_Modification" time="5.101"/>
  <system-out><![CDATA[]]></system-out>
  <system-err><![CDATA[[Test worker] INFO io.github.bonigarcia.wdm.WebDriverManager - Using chromedriver 92.0.4515.107 (resolved driver for Chrome 92)
[Test worker] INFO io.github.bonigarcia.wdm.WebDriverManager - Exporting webdriver.chrome.driver as C:\Users\Dóry\.cache\selenium\chromedriver\win32\92.0.4515.107\chromedriver.exe
Starting ChromeDriver 92.0.4515.107 (87a818b10553a07434ea9e2b6dccf3cbe7895134-refs/branch-heads/4515@{#1634}) on port 18739
Only local connections are allowed.
Please see https://chromedriver.chromium.org/security-considerations for suggestions on keeping ChromeDriver safe.
ChromeDriver was started successfully.
aug. 06, 2021 2:24:16 DU. org.openqa.selenium.remote.ProtocolHandshake createSession
INFO: Detected dialect: W3C
[Test worker] INFO com.greenfoxacademy.masterwork.TC12_Data_Modification - Opening page...
[Test worker] INFO com.greenfoxacademy.masterwork.TC12_Data_Modification - Page successfully opened.
[Test worker] INFO com.greenfoxacademy.masterwork.TC12_Data_Modification - Navigating to login page.
[Test worker] INFO com.greenfoxacademy.masterwork.TC12_Data_Modification - Logging in with given data.
[Test worker] INFO com.greenfoxacademy.masterwork.TC12_Data_Modification - Navigating to account page.
[Test worker] INFO com.greenfoxacademy.masterwork.TC12_Data_Modification - Navigating to user page
[Test worker] INFO com.greenfoxacademy.masterwork.TC12_Data_Modification - Verifying if correct pade loaded.
[Test worker] INFO com.greenfoxacademy.masterwork.TC12_Data_Modification - Opening profile edit option.
[Test worker] INFO com.greenfoxacademy.masterwork.TC12_Data_Modification - Modifying profile description.
[Test worker] INFO com.greenfoxacademy.masterwork.TC12_Data_Modification - Checking if user description matches input data.
[Test worker] INFO com.greenfoxacademy.masterwork.TC12_Data_Modification - Profile description was successfully modified.
]]></system-err>
</testsuite>
