<?xml version="1.0" encoding="UTF-8"?>
<testsuite name="com.greenfoxacademy.masterwork.TC06_Data_Listing" tests="1" skipped="0" failures="0" errors="0" timestamp="2021-08-05T14:17:00" hostname="DESKTOP-HS8VSGI" time="2.561">
  <properties/>
  <testcase name="#TC06_DATA_LISTING" classname="com.greenfoxacademy.masterwork.TC06_Data_Listing" time="2.561"/>
  <system-out><![CDATA[]]></system-out>
  <system-err><![CDATA[[Test worker] INFO io.github.bonigarcia.wdm.WebDriverManager - Using geckodriver 0.29.0 (resolved driver for Firefox 90)
[Test worker] INFO io.github.bonigarcia.wdm.WebDriverManager - Exporting webdriver.gecko.driver as C:\Users\Dóry\.cache\selenium\geckodriver\win64\0.29.0\geckodriver.exe
1628173017449	geckodriver	INFO	Listening on 127.0.0.1:16730
1628173017940	mozrunner::runner	INFO	Running command: "C:\\Program Files\\Mozilla Firefox\\firefox.exe" "--marionette" "-foreground" "-no-remote" "-profile" "C:\\Users\\DRY~1\\AppData\\Local\\Temp\\rust_mozprofile3ZBdOq"
1628173018256	Marionette	INFO	Marionette enabled
console.warn: SearchSettings: "get: No settings file exists, new profile?" (new NotFoundError("Could not open the file at C:\\Users\\D\xF3ry\\AppData\\Local\\Temp\\rust_mozprofile3ZBdOq\\search.json.mozlz4", (void 0)))
1628173020286	Marionette	INFO	Listening on port 63831
1628173020602	Marionette	WARN	TLS certificate errors will be ignored for this session
aug. 05, 2021 4:17:00 DU. org.openqa.selenium.remote.ProtocolHandshake createSession
INFO: Detected dialect: W3C
[Test worker] INFO com.greenfoxacademy.masterwork.TC06_Data_Listing - Opening page...
[Test worker] INFO com.greenfoxacademy.masterwork.TC06_Data_Listing - Page successfully opened.
[Test worker] INFO com.greenfoxacademy.masterwork.TC06_Data_Listing - Navigating to older posts.
[Test worker] INFO com.greenfoxacademy.masterwork.TC06_Data_Listing - Opening Hello world! blog post.
[Test worker] INFO com.greenfoxacademy.masterwork.TC06_Data_Listing - Filtering posts from July 2, 2021
[Test worker] INFO com.greenfoxacademy.masterwork.TC06_Data_Listing - Checking dates on filtered posts.
[Test worker] INFO com.greenfoxacademy.masterwork.TC06_Data_Listing - Checking if filtered post amount is correct.
[Test worker] INFO com.greenfoxacademy.masterwork.TC06_Data_Listing - Filtering was successful
1628173023434	Marionette	INFO	Stopped listening on port 63831

###!!! [Child][RunMessage] Error: Channel closing: too late to send/recv, messages will be lost

]]></system-err>
</testsuite>
