<?xml version="1.0" encoding="UTF-8"?>
<testsuite name="com.greenfoxacademy.masterwork.TC12_Data_Modification" tests="1" skipped="0" failures="0" errors="0" timestamp="2021-08-05T14:18:10" hostname="DESKTOP-HS8VSGI" time="6.378">
  <properties/>
  <testcase name="#TC12_DATA_MODIFICATION" classname="com.greenfoxacademy.masterwork.TC12_Data_Modification" time="6.378"/>
  <system-out><![CDATA[]]></system-out>
  <system-err><![CDATA[[Test worker] INFO io.github.bonigarcia.wdm.WebDriverManager - Using geckodriver 0.29.0 (resolved driver for Firefox 90)
[Test worker] INFO io.github.bonigarcia.wdm.WebDriverManager - Exporting webdriver.gecko.driver as C:\Users\Dóry\.cache\selenium\geckodriver\win64\0.29.0\geckodriver.exe
1628173086973	geckodriver	INFO	Listening on 127.0.0.1:30521
1628173087459	mozrunner::runner	INFO	Running command: "C:\\Program Files\\Mozilla Firefox\\firefox.exe" "--marionette" "-foreground" "-no-remote" "-profile" "C:\\Users\\DRY~1\\AppData\\Local\\Temp\\rust_mozprofilepmJRpj"
1628173087823	Marionette	INFO	Marionette enabled
console.warn: SearchSettings: "get: No settings file exists, new profile?" (new NotFoundError("Could not open the file at C:\\Users\\D\xF3ry\\AppData\\Local\\Temp\\rust_mozprofilepmJRpj\\search.json.mozlz4", (void 0)))
1628173090169	Marionette	INFO	Listening on port 64080
1628173090631	Marionette	WARN	TLS certificate errors will be ignored for this session
aug. 05, 2021 4:18:10 DU. org.openqa.selenium.remote.ProtocolHandshake createSession
INFO: Detected dialect: W3C
[Test worker] INFO com.greenfoxacademy.masterwork.TC12_Data_Modification - Opening page...
[Test worker] INFO com.greenfoxacademy.masterwork.TC12_Data_Modification - Page successfully opened.
[Test worker] INFO com.greenfoxacademy.masterwork.TC12_Data_Modification - Navigating to login page.
[Test worker] INFO com.greenfoxacademy.masterwork.TC12_Data_Modification - Logging in with given data.
[Test worker] INFO com.greenfoxacademy.masterwork.TC12_Data_Modification - Navigating to account page.
[Test worker] INFO com.greenfoxacademy.masterwork.TC12_Data_Modification - Navigating to user page
[Test worker] INFO com.greenfoxacademy.masterwork.TC12_Data_Modification - Verifying if correct pade loaded.
[Test worker] INFO com.greenfoxacademy.masterwork.TC12_Data_Modification - Opening profile edit option.
[Test worker] INFO com.greenfoxacademy.masterwork.TC12_Data_Modification - Modifying profile description.
[Test worker] INFO com.greenfoxacademy.masterwork.TC12_Data_Modification - Checking if user description matches input data.
[Test worker] INFO com.greenfoxacademy.masterwork.TC12_Data_Modification - Profile description was successfully modified.
1628173097277	Marionette	INFO	Stopped listening on port 64080

###!!! [Child][RunMessage] Error: Channel closing: too late to send/recv, messages will be lost

]]></system-err>
</testsuite>
