<?xml version="1.0" encoding="UTF-8"?>
<testsuite name="com.greenfoxacademy.masterwork.TC13_Deleting_data" tests="1" skipped="0" failures="0" errors="0" timestamp="2021-08-05T14:18:21" hostname="DESKTOP-HS8VSGI" time="6.408">
  <properties/>
  <testcase name="#TC13_DELETING_DATA" classname="com.greenfoxacademy.masterwork.TC13_Deleting_data" time="6.408"/>
  <system-out><![CDATA[]]></system-out>
  <system-err><![CDATA[[Test worker] INFO io.github.bonigarcia.wdm.WebDriverManager - Using geckodriver 0.29.0 (resolved driver for Firefox 90)
[Test worker] INFO io.github.bonigarcia.wdm.WebDriverManager - Exporting webdriver.gecko.driver as C:\Users\Dóry\.cache\selenium\geckodriver\win64\0.29.0\geckodriver.exe
1628173098006	geckodriver	INFO	Listening on 127.0.0.1:25744
1628173098494	mozrunner::runner	INFO	Running command: "C:\\Program Files\\Mozilla Firefox\\firefox.exe" "--marionette" "-foreground" "-no-remote" "-profile" "C:\\Users\\DRY~1\\AppData\\Local\\Temp\\rust_mozprofilePR67gi"
1628173098799	Marionette	INFO	Marionette enabled
console.warn: SearchSettings: "get: No settings file exists, new profile?" (new NotFoundError("Could not open the file at C:\\Users\\D\xF3ry\\AppData\\Local\\Temp\\rust_mozprofilePR67gi\\search.json.mozlz4", (void 0)))
1628173100804	Marionette	INFO	Listening on port 64146
1628173101150	Marionette	WARN	TLS certificate errors will be ignored for this session
aug. 05, 2021 4:18:21 DU. org.openqa.selenium.remote.ProtocolHandshake createSession
INFO: Detected dialect: W3C
[Test worker] INFO com.greenfoxacademy.masterwork.TC13_Deleting_data - Opening page...
[Test worker] INFO com.greenfoxacademy.masterwork.TC13_Deleting_data - Page successfully opened.
[Test worker] INFO com.greenfoxacademy.masterwork.TC13_Deleting_data - Navigating to login page.
[Test worker] INFO com.greenfoxacademy.masterwork.TC13_Deleting_data - Logging in with given data.
[Test worker] INFO com.greenfoxacademy.masterwork.TC13_Deleting_data - Navigating to account page.
[Test worker] INFO com.greenfoxacademy.masterwork.TC13_Deleting_data - Navigating to user page
[Test worker] INFO com.greenfoxacademy.masterwork.TC13_Deleting_data - Verifying if correct pade loaded.
[Test worker] INFO com.greenfoxacademy.masterwork.TC13_Deleting_data - Opening profile edit option.
[Test worker] INFO com.greenfoxacademy.masterwork.TC13_Deleting_data - Deleting profile description.
[Test worker] INFO com.greenfoxacademy.masterwork.TC13_Deleting_data - Checking if any user description displayed.
[Test worker] INFO com.greenfoxacademy.masterwork.TC13_Deleting_data - Deleting profile description was successful.
1628173107830	Marionette	INFO	Stopped listening on port 64146

###!!! [Child][RunMessage] Error: Channel closing: too late to send/recv, messages will be lost

]]></system-err>
</testsuite>
