<?xml version="1.0" encoding="UTF-8"?>
<testsuite name="com.greenfoxacademy.masterwork.TC14_Data_Saving" tests="1" skipped="0" failures="0" errors="0" timestamp="2021-08-05T14:18:31" hostname="DESKTOP-HS8VSGI" time="11.109">
  <properties/>
  <testcase name="#TC14_DATA_SAVING" classname="com.greenfoxacademy.masterwork.TC14_Data_Saving" time="11.109"/>
  <system-out><![CDATA[]]></system-out>
  <system-err><![CDATA[[Test worker] INFO io.github.bonigarcia.wdm.WebDriverManager - Using geckodriver 0.29.0 (resolved driver for Firefox 90)
[Test worker] INFO io.github.bonigarcia.wdm.WebDriverManager - Exporting webdriver.gecko.driver as C:\Users\Dóry\.cache\selenium\geckodriver\win64\0.29.0\geckodriver.exe
1628173108547	geckodriver	INFO	Listening on 127.0.0.1:12418
1628173109038	mozrunner::runner	INFO	Running command: "C:\\Program Files\\Mozilla Firefox\\firefox.exe" "--marionette" "-foreground" "-no-remote" "-profile" "C:\\Users\\DRY~1\\AppData\\Local\\Temp\\rust_mozprofilecdXTXA"
1628173109351	Marionette	INFO	Marionette enabled
console.warn: SearchSettings: "get: No settings file exists, new profile?" (new NotFoundError("Could not open the file at C:\\Users\\D\xF3ry\\AppData\\Local\\Temp\\rust_mozprofilecdXTXA\\search.json.mozlz4", (void 0)))
1628173111263	Marionette	INFO	Listening on port 64205
1628173111706	Marionette	WARN	TLS certificate errors will be ignored for this session
aug. 05, 2021 4:18:31 DU. org.openqa.selenium.remote.ProtocolHandshake createSession
INFO: Detected dialect: W3C
[Test worker] INFO com.greenfoxacademy.masterwork.TC14_Data_Saving - Opening page...
[Test worker] INFO com.greenfoxacademy.masterwork.TC14_Data_Saving - Page successfully opened.
[Test worker] INFO com.greenfoxacademy.masterwork.TC14_Data_Saving - Saving all blog posts to text file.
[Test worker] INFO com.greenfoxacademy.masterwork.TC14_Data_Saving - Checking if file content matches blog content.
[Test worker] INFO com.greenfoxacademy.masterwork.TC14_Data_Saving - Blog posts successfully saved.
[Test worker] INFO com.greenfoxacademy.masterwork.TC14_Data_Saving - Save file added to report.
[Test worker] INFO com.greenfoxacademy.masterwork.TC14_Data_Saving - Text file has been deleted.
1628173123085	Marionette	INFO	Stopped listening on port 64205

###!!! [Child][RunMessage] Error: Channel closing: too late to send/recv, messages will be lost

]]></system-err>
</testsuite>
