<?xml version="1.0" encoding="UTF-8"?>
<testsuite name="com.greenfoxacademy.masterwork.TC08_Data_Input" tests="1" skipped="0" failures="0" errors="0" timestamp="2021-08-03T14:56:03" hostname="DESKTOP-HS8VSGI" time="5.806">
  <properties/>
  <testcase name="#TC07_DATA_INPUT_01 - Add a profile description to an existing user" classname="com.greenfoxacademy.masterwork.TC08_Data_Input" time="5.806"/>
  <system-out><![CDATA[]]></system-out>
  <system-err><![CDATA[[Test worker] INFO io.github.bonigarcia.wdm.WebDriverManager - Using chromedriver 92.0.4515.107 (resolved driver for Chrome 92)
[Test worker] INFO io.github.bonigarcia.wdm.WebDriverManager - Exporting webdriver.chrome.driver as C:\Users\Dóry\.cache\selenium\chromedriver\win32\92.0.4515.107\chromedriver.exe
Starting ChromeDriver 92.0.4515.107 (87a818b10553a07434ea9e2b6dccf3cbe7895134-refs/branch-heads/4515@{#1634}) on port 21375
Only local connections are allowed.
Please see https://chromedriver.chromium.org/security-considerations for suggestions on keeping ChromeDriver safe.
ChromeDriver was started successfully.
aug. 03, 2021 4:56:03 DU. org.openqa.selenium.remote.ProtocolHandshake createSession
INFO: Detected dialect: W3C
[Test worker] INFO com.greenfoxacademy.masterwork.TC06_Data_Listing - Opening page...
[Test worker] INFO com.greenfoxacademy.masterwork.TC06_Data_Listing - Page successfully opened.
[Test worker] INFO com.greenfoxacademy.masterwork.TC06_Data_Listing - Navigating to login page.
[Test worker] INFO com.greenfoxacademy.masterwork.TC06_Data_Listing - Logging in with given data.
[Test worker] INFO com.greenfoxacademy.masterwork.TC06_Data_Listing - Navigating to account page.
[Test worker] INFO com.greenfoxacademy.masterwork.TC06_Data_Listing - Verifying if correct pade loaded.
[Test worker] INFO com.greenfoxacademy.masterwork.TC06_Data_Listing - Navigating to user page
[Test worker] INFO com.greenfoxacademy.masterwork.TC06_Data_Listing - Verifying if correct pade loaded.
[Test worker] INFO com.greenfoxacademy.masterwork.TC06_Data_Listing - Opening profile edit option.
[Test worker] INFO com.greenfoxacademy.masterwork.TC06_Data_Listing - Adding profile description.
[Test worker] INFO com.greenfoxacademy.masterwork.TC06_Data_Listing - Checking if user description is displayed.
[Test worker] INFO com.greenfoxacademy.masterwork.TC06_Data_Listing - Checking if user description matches input data.
[Test worker] INFO com.greenfoxacademy.masterwork.TC06_Data_Listing - Adding profile description was successful.
]]></system-err>
</testsuite>
